RAGFlow API Server starting...
RAGFlow Base URL: http://localhost:9380
Access QA page at: http://localhost:7737/home
 * Serving Flask app 'api_server'
 * Debug mode: on
[31m[1mWARNING: This is a development server. Do not use it in a production deployment. Use a production WSGI server instead.[0m
 * Running on all addresses (0.0.0.0)
 * Running on http://127.0.0.1:7737
 * Running on http://10.72.160.30:7737
[33mPress CTRL+C to quit[0m
 * Restarting with stat
 * Debugger is active!
 * Debugger PIN: 123-288-433
127.0.0.1 - - [07/Mar/2026 12:02:08] "[33mGET /home HTTP/1.1[0m" 404 -
 * Detected change in '/home/zxy/111/test/api_server.py', reloading
RAGFlow API Server starting...
RAGFlow Base URL: http://localhost:9380
Access QA page at: http://localhost:7737/home
 * Restarting with stat
 * Debugger is active!
 * Debugger PIN: 123-288-433
127.0.0.1 - - [07/Mar/2026 12:02:50] "[35m[1mGET /home HTTP/1.1[0m" 500 -
Traceback (most recent call last):
  File "/home/zxy/miniconda3/lib/python3.13/site-packages/flask/app.py", line 1536, in __call__
    return self.wsgi_app(environ, start_response)
           ~~~~~~~~~~~~~^^^^^^^^^^^^^^^^^^^^^^^^^
  File "/home/zxy/miniconda3/lib/python3.13/site-packages/flask/app.py", line 1514, in wsgi_app
    response = self.handle_exception(e)
  File "/home/zxy/miniconda3/lib/python3.13/site-packages/flask_cors/extension.py", line 176, in wrapped_function
    return cors_after_request(app.make_response(f(*args, **kwargs)))
                                                ~^^^^^^^^^^^^^^^^^
  File "/home/zxy/miniconda3/lib/python3.13/site-packages/flask/app.py", line 1511, in wsgi_app
    response = self.full_dispatch_request()
  File "/home/zxy/miniconda3/lib/python3.13/site-packages/flask/app.py", line 919, in full_dispatch_request
    rv = self.handle_user_exception(e)
  File "/home/zxy/miniconda3/lib/python3.13/site-packages/flask_cors/extension.py", line 176, in wrapped_function
    return cors_after_request(app.make_response(f(*args, **kwargs)))
                                                ~^^^^^^^^^^^^^^^^^
  File "/home/zxy/miniconda3/lib/python3.13/site-packages/flask/app.py", line 917, in full_dispatch_request
    rv = self.dispatch_request()
  File "/home/zxy/miniconda3/lib/python3.13/site-packages/flask/app.py", line 902, in dispatch_request
    return self.ensure_sync(self.view_functions[rule.endpoint])(**view_args)  # type: ignore[no-any-return]
           ~~~~~~~~~~~~~~~~~~~~~~~~~~~~~~~~~~~~~~~~~~~~~~~~~~~~^^^^^^^^^^^^^
  File "/home/zxy/111/test/api_server.py", line 459, in serve_qa
    with open(qa_path, 'r', encoding=utf-8) as f:
                                     ^^^
NameError: name 'utf' is not defined
 * Detected change in '/home/zxy/111/test/api_server.py', reloading
RAGFlow API Server starting...
RAGFlow Base URL: http://localhost:9380
Access QA page at: http://localhost:7737/home
 * Restarting with stat
 * Debugger is active!
 * Debugger PIN: 123-288-433
127.0.0.1 - - [07/Mar/2026 12:03:01] "GET /home HTTP/1.1" 200 -
127.0.0.1 - - [07/Mar/2026 12:03:08] "GET / HTTP/1.1" 200 -
127.0.0.1 - - [07/Mar/2026 12:04:46] "GET /home HTTP/1.1" 200 -
127.0.0.1 - - [07/Mar/2026 12:04:47] "[33mGET /favicon.ico HTTP/1.1[0m" 404 -
127.0.0.1 - - [07/Mar/2026 12:05:36] "GET /home HTTP/1.1" 200 -
 * Detected change in '/home/zxy/111/test/api_server.py', reloading
RAGFlow API Server starting...
RAGFlow Base URL: http://localhost:9380
Access QA page at: http://localhost:7737/home
 * Restarting with stat
 * Debugger is active!
 * Debugger PIN: 123-288-433
 * Detected change in '/home/zxy/111/test/api_server.py', reloading
RAGFlow API Server starting...
RAGFlow Base URL: http://localhost:9380
Access QA page at: http://localhost:7737/home
 * Restarting with stat
 * Debugger is active!
 * Debugger PIN: 123-288-433
127.0.0.1 - - [07/Mar/2026 12:17:13] "GET /home HTTP/1.1" 200 -
127.0.0.1 - - [07/Mar/2026 12:19:20] "GET /home HTTP/1.1" 200 -
127.0.0.1 - - [07/Mar/2026 12:32:07] "GET /home HTTP/1.1" 200 -
